{"C:\\Users\\Kuba\\Desktop\\Front\\Repo\\five-in-a-line\\src\\App.tsx": {"path":"C:\\Users\\Kuba\\Desktop\\Front\\Repo\\five-in-a-line\\src\\App.tsx","statementMap":{"0":{"start":{"line":1,"column":0},"end":{"line":1,"column":40}},"1":{"start":{"line":2,"column":0},"end":{"line":2,"column":49}},"2":{"start":{"line":3,"column":0},"end":{"line":3,"column":44}},"3":{"start":{"line":5,"column":0},"end":{"line":5,"column":66}},"4":{"start":{"line":8,"column":36},"end":{"line":8,"column":66}},"5":{"start":{"line":10,"column":20},"end":{"line":12,"column":3}},"6":{"start":{"line":11,"column":4},"end":{"line":11,"column":33}},"7":{"start":{"line":14,"column":21},"end":{"line":21,"column":3}},"8":{"start":{"line":15,"column":4},"end":{"line":17,"column":5}},"9":{"start":{"line":16,"column":6},"end":{"line":16,"column":35}},"10":{"start":{"line":18,"column":4},"end":{"line":20,"column":5}},"11":{"start":{"line":19,"column":6},"end":{"line":19,"column":35}},"12":{"start":{"line":23,"column":20},"end":{"line":25,"column":3}},"13":{"start":{"line":24,"column":4},"end":{"line":24,"column":26}},"14":{"start":{"line":27,"column":24},"end":{"line":27,"column":47}},"15":{"start":{"line":29,"column":4},"end":{"line":29,"column":64}},"16":{"start":{"line":30,"column":25},"end":{"line":30,"column":46}},"17":{"start":{"line":32,"column":24},"end":{"line":32,"column":54}},"18":{"start":{"line":34,"column":2},"end":{"line":53,"column":4}},"19":{"start":{"line":56,"column":0},"end":{"line":56,"column":19}}},"fnMap":{"0":{"name":"App","decl":{"start":{"line":7,"column":9},"end":{"line":7,"column":12}},"loc":{"start":{"line":7,"column":12},"end":{"line":54,"column":1}}},"1":{"name":"(anonymous_1)","decl":{"start":{"line":10,"column":20},"end":{"line":10,"column":23}},"loc":{"start":{"line":10,"column":25},"end":{"line":12,"column":3}}},"2":{"name":"(anonymous_2)","decl":{"start":{"line":14,"column":21},"end":{"line":14,"column":24}},"loc":{"start":{"line":14,"column":26},"end":{"line":21,"column":3}}},"3":{"name":"(anonymous_3)","decl":{"start":{"line":23,"column":20},"end":{"line":23,"column":23}},"loc":{"start":{"line":23,"column":25},"end":{"line":25,"column":3}}}},"branchMap":{"0":{"loc":{"start":{"line":15,"column":4},"end":{"line":17,"column":5}},"type":"if","locations":[{"start":{"line":15,"column":4},"end":{"line":17,"column":5}}]},"1":{"loc":{"start":{"line":18,"column":4},"end":{"line":20,"column":5}},"type":"if","locations":[{"start":{"line":18,"column":4},"end":{"line":20,"column":5}}]},"2":{"loc":{"start":{"line":29,"column":4},"end":{"line":29,"column":64}},"type":"binary-expr","locations":[{"start":{"line":29,"column":4},"end":{"line":29,"column":32}},{"start":{"line":29,"column":36},"end":{"line":29,"column":64}}]},"3":{"loc":{"start":{"line":36,"column":7},"end":{"line":36,"column":66}},"type":"binary-expr","locations":[{"start":{"line":36,"column":7},"end":{"line":36,"column":20}},{"start":{"line":36,"column":24},"end":{"line":36,"column":66}}]},"4":{"loc":{"start":{"line":38,"column":7},"end":{"line":48,"column":null}},"type":"binary-expr","locations":[{"start":{"line":38,"column":7},"end":{"line":38,"column":20}},{"start":{"line":39,"column":8},"end":{"line":47,"column":null}}]},"5":{"loc":{"start":{"line":51,"column":7},"end":{"line":51,"column":45}},"type":"binary-expr","locations":[{"start":{"line":51,"column":7},"end":{"line":51,"column":21}},{"start":{"line":51,"column":25},"end":{"line":51,"column":45}}]}},"s":{"0":0,"1":0,"2":0,"3":0,"4":0,"5":0,"6":0,"7":0,"8":0,"9":0,"10":0,"11":0,"12":0,"13":0,"14":0,"15":0,"16":0,"17":0,"18":0,"19":0},"f":{"0":0,"1":0,"2":0,"3":0},"b":{"0":[0],"1":[0],"2":[0,0],"3":[0,0],"4":[0,0],"5":[0,0]}}
,"C:\\Users\\Kuba\\Desktop\\Front\\Repo\\five-in-a-line\\src\\constants.ts": {"path":"C:\\Users\\Kuba\\Desktop\\Front\\Repo\\five-in-a-line\\src\\constants.ts","statementMap":{"0":{"start":{"line":1,"column":13},"end":{"line":1,"column":22}},"1":{"start":{"line":2,"column":13},"end":{"line":2,"column":26}}},"fnMap":{},"branchMap":{},"s":{"0":1,"1":1},"f":{},"b":{}}
,"C:\\Users\\Kuba\\Desktop\\Front\\Repo\\five-in-a-line\\src\\main.tsx": {"path":"C:\\Users\\Kuba\\Desktop\\Front\\Repo\\five-in-a-line\\src\\main.tsx","statementMap":{"0":{"start":{"line":1,"column":0},"end":{"line":1,"column":35}},"1":{"start":{"line":2,"column":0},"end":{"line":2,"column":46}},"2":{"start":{"line":3,"column":0},"end":{"line":3,"column":24}},"3":{"start":{"line":4,"column":0},"end":{"line":4,"column":21}},"4":{"start":{"line":6,"column":0},"end":{"line":10,"column":2}}},"fnMap":{},"branchMap":{},"s":{"0":0,"1":0,"2":0,"3":0,"4":0},"f":{},"b":{}}
,"C:\\Users\\Kuba\\Desktop\\Front\\Repo\\five-in-a-line\\src\\components\\GridArea.tsx": {"path":"C:\\Users\\Kuba\\Desktop\\Front\\Repo\\five-in-a-line\\src\\components\\GridArea.tsx","statementMap":{"0":{"start":{"line":1,"column":0},"end":{"line":1,"column":63}},"1":{"start":{"line":2,"column":0},"end":{"line":2,"column":38}},"2":{"start":{"line":3,"column":0},"end":{"line":3,"column":49}},"3":{"start":{"line":5,"column":0},"end":{"line":5,"column":36}},"4":{"start":{"line":7,"column":21},"end":{"line":9,"column":1}},"5":{"start":{"line":8,"column":2},"end":{"line":8,"column":45}},"6":{"start":{"line":8,"column":42},"end":{"line":8,"column":43}},"7":{"start":{"line":7,"column":13},"end":{"line":7,"column":21}},"8":{"start":{"line":11,"column":35},"end":{"line":13,"column":1}},"9":{"start":{"line":12,"column":2},"end":{"line":12,"column":21}},"10":{"start":{"line":11,"column":13},"end":{"line":11,"column":35}},"11":{"start":{"line":15,"column":35},"end":{"line":18,"column":1}},"12":{"start":{"line":16,"column":17},"end":{"line":16,"column":34}},"13":{"start":{"line":17,"column":2},"end":{"line":17,"column":40}},"14":{"start":{"line":15,"column":13},"end":{"line":15,"column":35}},"15":{"start":{"line":20,"column":34},"end":{"line":37,"column":1}},"16":{"start":{"line":21,"column":20},"end":{"line":24,"column":30}},"17":{"start":{"line":22,"column":22},"end":{"line":22,"column":46}},"18":{"start":{"line":24,"column":20},"end":{"line":24,"column":29}},"19":{"start":{"line":26,"column":21},"end":{"line":26,"column":44}},"20":{"start":{"line":28,"column":2},"end":{"line":30,"column":3}},"21":{"start":{"line":29,"column":4},"end":{"line":29,"column":30}},"22":{"start":{"line":32,"column":2},"end":{"line":34,"column":3}},"23":{"start":{"line":33,"column":4},"end":{"line":33,"column":16}},"24":{"start":{"line":36,"column":2},"end":{"line":36,"column":34}},"25":{"start":{"line":20,"column":13},"end":{"line":20,"column":34}},"26":{"start":{"line":39,"column":27},"end":{"line":61,"column":1}},"27":{"start":{"line":45,"column":14},"end":{"line":45,"column":33}},"28":{"start":{"line":46,"column":14},"end":{"line":46,"column":33}},"29":{"start":{"line":48,"column":2},"end":{"line":58,"column":3}},"30":{"start":{"line":49,"column":4},"end":{"line":57,"column":6}},"31":{"start":{"line":60,"column":2},"end":{"line":60,"column":11}},"32":{"start":{"line":63,"column":24},"end":{"line":167,"column":1}},"33":{"start":{"line":70,"column":44},"end":{"line":70,"column":71}},"34":{"start":{"line":71,"column":32},"end":{"line":71,"column":47}},"35":{"start":{"line":73,"column":2},"end":{"line":77,"column":35}},"36":{"start":{"line":74,"column":4},"end":{"line":76,"column":5}},"37":{"start":{"line":75,"column":6},"end":{"line":75,"column":33}},"38":{"start":{"line":79,"column":2},"end":{"line":79,"column":24}},"39":{"start":{"line":81,"column":20},"end":{"line":92,"column":3}},"40":{"start":{"line":87,"column":4},"end":{"line":91,"column":48}},"41":{"start":{"line":89,"column":8},"end":{"line":89,"column":70}},"42":{"start":{"line":91,"column":31},"end":{"line":91,"column":43}},"43":{"start":{"line":94,"column":60},"end":{"line":145,"column":3}},"44":{"start":{"line":95,"column":23},"end":{"line":95,"column":28}},"45":{"start":{"line":97,"column":4},"end":{"line":99,"column":5}},"46":{"start":{"line":98,"column":6},"end":{"line":98,"column":13}},"47":{"start":{"line":101,"column":4},"end":{"line":103,"column":5}},"48":{"start":{"line":102,"column":6},"end":{"line":102,"column":13}},"49":{"start":{"line":106,"column":14},"end":{"line":106,"column":56}},"50":{"start":{"line":108,"column":14},"end":{"line":108,"column":53}},"51":{"start":{"line":110,"column":26},"end":{"line":110,"column":62}},"52":{"start":{"line":112,"column":4},"end":{"line":114,"column":5}},"53":{"start":{"line":113,"column":6},"end":{"line":113,"column":13}},"54":{"start":{"line":116,"column":19},"end":{"line":116,"column":53}},"55":{"start":{"line":118,"column":18},"end":{"line":123,"column":15}},"56":{"start":{"line":125,"column":4},"end":{"line":133,"column":7}},"57":{"start":{"line":126,"column":6},"end":{"line":132,"column":7}},"58":{"start":{"line":127,"column":8},"end":{"line":127,"column":33}},"59":{"start":{"line":129,"column":29},"end":{"line":129,"column":78}},"60":{"start":{"line":131,"column":8},"end":{"line":131,"column":28}},"61":{"start":{"line":135,"column":4},"end":{"line":142,"column":5}},"62":{"start":{"line":137,"column":18},"end":{"line":137,"column":79}},"63":{"start":{"line":140,"column":6},"end":{"line":140,"column":23}},"64":{"start":{"line":141,"column":6},"end":{"line":141,"column":13}},"65":{"start":{"line":144,"column":4},"end":{"line":144,"column":17}},"66":{"start":{"line":147,"column":2},"end":{"line":166,"column":4}},"67":{"start":{"line":151,"column":10},"end":{"line":162,"column":13}},"68":{"start":{"line":152,"column":12},"end":{"line":161,"column":14}},"69":{"start":{"line":63,"column":13},"end":{"line":63,"column":24}}},"fnMap":{"0":{"name":"(anonymous_0)","decl":{"start":{"line":7,"column":21},"end":{"line":7,"column":22}},"loc":{"start":{"line":7,"column":40},"end":{"line":9,"column":1}}},"1":{"name":"(anonymous_1)","decl":{"start":{"line":8,"column":32},"end":{"line":8,"column":33}},"loc":{"start":{"line":8,"column":42},"end":{"line":8,"column":43}}},"2":{"name":"(anonymous_2)","decl":{"start":{"line":11,"column":35},"end":{"line":11,"column":36}},"loc":{"start":{"line":11,"column":61},"end":{"line":13,"column":1}}},"3":{"name":"(anonymous_3)","decl":{"start":{"line":15,"column":35},"end":{"line":15,"column":36}},"loc":{"start":{"line":15,"column":54},"end":{"line":18,"column":1}}},"4":{"name":"(anonymous_4)","decl":{"start":{"line":20,"column":34},"end":{"line":20,"column":35}},"loc":{"start":{"line":20,"column":78},"end":{"line":37,"column":1}}},"5":{"name":"(anonymous_5)","decl":{"start":{"line":22,"column":12},"end":{"line":22,"column":13}},"loc":{"start":{"line":22,"column":22},"end":{"line":22,"column":46}}},"6":{"name":"(anonymous_6)","decl":{"start":{"line":24,"column":10},"end":{"line":24,"column":11}},"loc":{"start":{"line":24,"column":20},"end":{"line":24,"column":29}}},"7":{"name":"(anonymous_7)","decl":{"start":{"line":39,"column":27},"end":{"line":39,"column":null}},"loc":{"start":{"line":44,"column":12},"end":{"line":61,"column":1}}},"8":{"name":"(anonymous_8)","decl":{"start":{"line":63,"column":24},"end":{"line":63,"column":25}},"loc":{"start":{"line":69,"column":20},"end":{"line":167,"column":1}}},"9":{"name":"(anonymous_9)","decl":{"start":{"line":73,"column":12},"end":{"line":73,"column":15}},"loc":{"start":{"line":73,"column":17},"end":{"line":77,"column":3}}},"10":{"name":"(anonymous_10)","decl":{"start":{"line":81,"column":20},"end":{"line":81,"column":null}},"loc":{"start":{"line":86,"column":6},"end":{"line":92,"column":3}}},"11":{"name":"(anonymous_11)","decl":{"start":{"line":88,"column":11},"end":{"line":88,"column":12}},"loc":{"start":{"line":89,"column":8},"end":{"line":89,"column":70}}},"12":{"name":"(anonymous_12)","decl":{"start":{"line":91,"column":14},"end":{"line":91,"column":15}},"loc":{"start":{"line":91,"column":31},"end":{"line":91,"column":43}}},"13":{"name":"(anonymous_13)","decl":{"start":{"line":94,"column":60},"end":{"line":94,"column":61}},"loc":{"start":{"line":94,"column":70},"end":{"line":145,"column":3}}},"14":{"name":"(anonymous_14)","decl":{"start":{"line":125,"column":21},"end":{"line":125,"column":22}},"loc":{"start":{"line":125,"column":43},"end":{"line":133,"column":5}}},"15":{"name":"(anonymous_15)","decl":{"start":{"line":137,"column":8},"end":{"line":137,"column":9}},"loc":{"start":{"line":137,"column":18},"end":{"line":137,"column":79}}},"16":{"name":"(anonymous_16)","decl":{"start":{"line":150,"column":31},"end":{"line":150,"column":32}},"loc":{"start":{"line":150,"column":39},"end":{"line":163,"column":9}}},"17":{"name":"(anonymous_17)","decl":{"start":{"line":151,"column":42},"end":{"line":151,"column":43}},"loc":{"start":{"line":151,"column":53},"end":{"line":162,"column":11}}}},"branchMap":{"0":{"loc":{"start":{"line":26,"column":21},"end":{"line":26,"column":44}},"type":"binary-expr","locations":[{"start":{"line":26,"column":21},"end":{"line":26,"column":36}},{"start":{"line":26,"column":40},"end":{"line":26,"column":44}}]},"1":{"loc":{"start":{"line":28,"column":2},"end":{"line":30,"column":3}},"type":"if","locations":[{"start":{"line":28,"column":2},"end":{"line":30,"column":3}}]},"2":{"loc":{"start":{"line":32,"column":2},"end":{"line":34,"column":3}},"type":"if","locations":[{"start":{"line":32,"column":2},"end":{"line":34,"column":3}}]},"3":{"loc":{"start":{"line":48,"column":2},"end":{"line":58,"column":3}},"type":"if","locations":[{"start":{"line":48,"column":2},"end":{"line":58,"column":3}}]},"4":{"loc":{"start":{"line":74,"column":4},"end":{"line":76,"column":5}},"type":"if","locations":[{"start":{"line":74,"column":4},"end":{"line":76,"column":5}}]},"5":{"loc":{"start":{"line":97,"column":4},"end":{"line":99,"column":5}},"type":"if","locations":[{"start":{"line":97,"column":4},"end":{"line":99,"column":5}}]},"6":{"loc":{"start":{"line":101,"column":4},"end":{"line":103,"column":5}},"type":"if","locations":[{"start":{"line":101,"column":4},"end":{"line":103,"column":5}}]},"7":{"loc":{"start":{"line":112,"column":4},"end":{"line":114,"column":5}},"type":"if","locations":[{"start":{"line":112,"column":4},"end":{"line":114,"column":5}}]},"8":{"loc":{"start":{"line":126,"column":6},"end":{"line":132,"column":7}},"type":"if","locations":[{"start":{"line":126,"column":6},"end":{"line":132,"column":7}},{"start":{"line":128,"column":13},"end":{"line":132,"column":7}}]},"9":{"loc":{"start":{"line":135,"column":4},"end":{"line":142,"column":5}},"type":"if","locations":[{"start":{"line":135,"column":4},"end":{"line":142,"column":5}}]}},"s":{"0":1,"1":1,"2":1,"3":1,"4":1,"5":0,"6":0,"7":1,"8":1,"9":0,"10":1,"11":1,"12":0,"13":0,"14":1,"15":1,"16":8,"17":10,"18":0,"19":8,"20":8,"21":8,"22":0,"23":0,"24":0,"25":1,"26":1,"27":0,"28":0,"29":0,"30":0,"31":0,"32":1,"33":0,"34":0,"35":0,"36":0,"37":0,"38":0,"39":0,"40":0,"41":0,"42":0,"43":0,"44":0,"45":0,"46":0,"47":0,"48":0,"49":0,"50":0,"51":0,"52":0,"53":0,"54":0,"55":0,"56":0,"57":0,"58":0,"59":0,"60":0,"61":0,"62":0,"63":0,"64":0,"65":0,"66":0,"67":0,"68":0,"69":1},"f":{"0":0,"1":0,"2":0,"3":0,"4":8,"5":10,"6":0,"7":0,"8":0,"9":0,"10":0,"11":0,"12":0,"13":0,"14":0,"15":0,"16":0,"17":0},"b":{"0":[8,8],"1":[8],"2":[0],"3":[0],"4":[0],"5":[0],"6":[0],"7":[0],"8":[0,0],"9":[0]}}
,"C:\\Users\\Kuba\\Desktop\\Front\\Repo\\five-in-a-line\\src\\components\\GridItem.tsx": {"path":"C:\\Users\\Kuba\\Desktop\\Front\\Repo\\five-in-a-line\\src\\components\\GridItem.tsx","statementMap":{"0":{"start":{"line":3,"column":24},"end":{"line":14,"column":1}},"1":{"start":{"line":4,"column":2},"end":{"line":13,"column":4}},"2":{"start":{"line":3,"column":13},"end":{"line":3,"column":24}}},"fnMap":{"0":{"name":"(anonymous_0)","decl":{"start":{"line":3,"column":24},"end":{"line":3,"column":25}},"loc":{"start":{"line":3,"column":69},"end":{"line":14,"column":1}}}},"branchMap":{},"s":{"0":1,"1":0,"2":1},"f":{"0":0},"b":{}}
,"C:\\Users\\Kuba\\Desktop\\Front\\Repo\\five-in-a-line\\src\\utils\\directions.ts": {"path":"C:\\Users\\Kuba\\Desktop\\Front\\Repo\\five-in-a-line\\src\\utils\\directions.ts","statementMap":{"0":{"start":{"line":6,"column":13},"end":{"line":18,"column":2}},"1":{"start":{"line":7,"column":36},"end":{"line":7,"column":51}},"2":{"start":{"line":8,"column":36},"end":{"line":8,"column":51}},"3":{"start":{"line":10,"column":36},"end":{"line":10,"column":51}},"4":{"start":{"line":11,"column":36},"end":{"line":11,"column":51}},"5":{"start":{"line":13,"column":37},"end":{"line":13,"column":59}},"6":{"start":{"line":14,"column":37},"end":{"line":14,"column":59}},"7":{"start":{"line":16,"column":37},"end":{"line":16,"column":59}},"8":{"start":{"line":17,"column":37},"end":{"line":17,"column":59}}},"fnMap":{"0":{"name":"(anonymous_0)","decl":{"start":{"line":7,"column":5},"end":{"line":7,"column":6}},"loc":{"start":{"line":7,"column":36},"end":{"line":7,"column":51}}},"1":{"name":"(anonymous_1)","decl":{"start":{"line":8,"column":5},"end":{"line":8,"column":6}},"loc":{"start":{"line":8,"column":36},"end":{"line":8,"column":51}}},"2":{"name":"(anonymous_2)","decl":{"start":{"line":10,"column":5},"end":{"line":10,"column":6}},"loc":{"start":{"line":10,"column":36},"end":{"line":10,"column":51}}},"3":{"name":"(anonymous_3)","decl":{"start":{"line":11,"column":5},"end":{"line":11,"column":6}},"loc":{"start":{"line":11,"column":36},"end":{"line":11,"column":51}}},"4":{"name":"(anonymous_4)","decl":{"start":{"line":13,"column":6},"end":{"line":13,"column":7}},"loc":{"start":{"line":13,"column":37},"end":{"line":13,"column":59}}},"5":{"name":"(anonymous_5)","decl":{"start":{"line":14,"column":6},"end":{"line":14,"column":7}},"loc":{"start":{"line":14,"column":37},"end":{"line":14,"column":59}}},"6":{"name":"(anonymous_6)","decl":{"start":{"line":16,"column":6},"end":{"line":16,"column":7}},"loc":{"start":{"line":16,"column":37},"end":{"line":16,"column":59}}},"7":{"name":"(anonymous_7)","decl":{"start":{"line":17,"column":6},"end":{"line":17,"column":7}},"loc":{"start":{"line":17,"column":37},"end":{"line":17,"column":59}}}},"branchMap":{},"s":{"0":1,"1":0,"2":0,"3":0,"4":0,"5":0,"6":0,"7":0,"8":0},"f":{"0":0,"1":0,"2":0,"3":0,"4":0,"5":0,"6":0,"7":0},"b":{}}
,"C:\\Users\\Kuba\\Desktop\\Front\\Repo\\five-in-a-line\\src\\utils\\gameStateToPlayerId.ts": {"path":"C:\\Users\\Kuba\\Desktop\\Front\\Repo\\five-in-a-line\\src\\utils\\gameStateToPlayerId.ts","statementMap":{"0":{"start":{"line":3,"column":35},"end":{"line":13,"column":1}},"1":{"start":{"line":4,"column":2},"end":{"line":6,"column":3}},"2":{"start":{"line":5,"column":4},"end":{"line":5,"column":15}},"3":{"start":{"line":8,"column":2},"end":{"line":10,"column":3}},"4":{"start":{"line":9,"column":4},"end":{"line":9,"column":15}},"5":{"start":{"line":12,"column":2},"end":{"line":12,"column":14}},"6":{"start":{"line":3,"column":13},"end":{"line":3,"column":35}}},"fnMap":{"0":{"name":"(anonymous_0)","decl":{"start":{"line":3,"column":35},"end":{"line":3,"column":36}},"loc":{"start":{"line":3,"column":56},"end":{"line":13,"column":1}}}},"branchMap":{"0":{"loc":{"start":{"line":4,"column":2},"end":{"line":6,"column":3}},"type":"if","locations":[{"start":{"line":4,"column":2},"end":{"line":6,"column":3}}]},"1":{"loc":{"start":{"line":8,"column":2},"end":{"line":10,"column":3}},"type":"if","locations":[{"start":{"line":8,"column":2},"end":{"line":10,"column":3}}]}},"s":{"0":0,"1":0,"2":0,"3":0,"4":0,"5":0,"6":0},"f":{"0":0},"b":{"0":[0],"1":[0]}}
}
