TN:
SF:src\App.tsx
FN:7,App
FN:10,(anonymous_1)
FN:14,(anonymous_2)
FN:23,(anonymous_3)
FNF:4
FNH:0
FNDA:0,App
FNDA:0,(anonymous_1)
FNDA:0,(anonymous_2)
FNDA:0,(anonymous_3)
DA:1,0
DA:2,0
DA:3,0
DA:5,0
DA:8,0
DA:10,0
DA:11,0
DA:14,0
DA:15,0
DA:16,0
DA:18,0
DA:19,0
DA:23,0
DA:24,0
DA:27,0
DA:29,0
DA:30,0
DA:32,0
DA:34,0
DA:56,0
LF:20
LH:0
BRDA:15,0,0,0
BRDA:18,1,0,0
BRDA:29,2,0,0
BRDA:29,2,1,0
BRDA:36,3,0,0
BRDA:36,3,1,0
BRDA:38,4,0,0
BRDA:38,4,1,0
BRDA:51,5,0,0
BRDA:51,5,1,0
BRF:10
BRH:0
end_of_record
TN:
SF:src\constants.ts
FNF:0
FNH:0
DA:1,4
DA:2,4
LF:2
LH:2
BRF:0
BRH:0
end_of_record
TN:
SF:src\main.tsx
FNF:0
FNH:0
DA:1,0
DA:2,0
DA:3,0
DA:4,0
DA:6,0
LF:5
LH:0
BRF:0
BRH:0
end_of_record
TN:
SF:src\components\GridArea.tsx
FN:14,(anonymous_0)
FN:16,(anonymous_1)
FN:21,(anonymous_2)
FN:31,(anonymous_3)
FN:39,(anonymous_4)
FN:47,(anonymous_5)
FN:49,(anonymous_6)
FN:53,(anonymous_7)
FN:55,(anonymous_8)
FN:70,(anonymous_9)
FN:94,(anonymous_10)
FN:106,(anonymous_11)
FN:112,(anonymous_12)
FN:119,(anonymous_13)
FN:122,(anonymous_14)
FN:125,(anonymous_15)
FN:156,(anonymous_16)
FN:168,(anonymous_17)
FN:181,(anonymous_18)
FN:182,(anonymous_19)
FNF:20
FNH:7
FNDA:4,(anonymous_0)
FNDA:3,(anonymous_1)
FNDA:5,(anonymous_2)
FNDA:2,(anonymous_3)
FNDA:5,(anonymous_4)
FNDA:5,(anonymous_5)
FNDA:2,(anonymous_6)
FNDA:0,(anonymous_7)
FNDA:0,(anonymous_8)
FNDA:0,(anonymous_9)
FNDA:0,(anonymous_10)
FNDA:0,(anonymous_11)
FNDA:0,(anonymous_12)
FNDA:0,(anonymous_13)
FNDA:0,(anonymous_14)
FNDA:0,(anonymous_15)
FNDA:0,(anonymous_16)
FNDA:0,(anonymous_17)
FNDA:0,(anonymous_18)
FNDA:0,(anonymous_19)
DA:1,4
DA:2,4
DA:3,4
DA:12,4
DA:14,4
DA:15,4
DA:16,3
DA:18,1
DA:21,4
DA:25,5
DA:26,2
DA:28,3
DA:31,4
DA:32,2
DA:33,2
DA:34,1
DA:36,1
DA:39,4
DA:40,5
DA:47,4
DA:48,5
DA:49,5
DA:50,2
DA:52,3
DA:53,0
DA:55,0
DA:57,3
DA:59,3
DA:60,3
DA:63,0
DA:64,0
DA:67,0
DA:70,4
DA:76,0
DA:77,0
DA:79,0
DA:80,0
DA:91,0
DA:94,4
DA:101,0
DA:104,0
DA:106,0
DA:107,0
DA:108,0
DA:112,0
DA:118,0
DA:120,0
DA:122,0
DA:125,0
DA:126,0
DA:128,0
DA:129,0
DA:132,0
DA:133,0
DA:137,0
DA:139,0
DA:141,0
DA:143,0
DA:144,0
DA:147,0
DA:149,0
DA:156,0
DA:157,0
DA:158,0
DA:160,0
DA:162,0
DA:166,0
DA:168,0
DA:171,0
DA:172,0
DA:175,0
DA:178,0
DA:182,0
DA:183,0
LF:74
LH:29
BRDA:15,0,0,3
BRDA:25,1,0,2
BRDA:25,2,0,5
BRDA:25,2,1,3
BRDA:33,3,0,1
BRDA:33,4,0,2
BRDA:33,4,1,1
BRDA:39,5,0,3
BRDA:49,6,0,2
BRDA:57,7,0,3
BRDA:57,7,1,3
BRDA:59,8,0,3
BRDA:63,9,0,0
BRDA:79,10,0,0
BRDA:107,11,0,0
BRDA:128,12,0,0
BRDA:132,13,0,0
BRDA:143,14,0,0
BRDA:157,15,0,0
BRDA:157,15,1,0
BRDA:166,16,0,0
BRF:21
BRH:12
end_of_record
TN:
SF:src\components\GridItem.tsx
FN:3,(anonymous_0)
FNF:1
FNH:0
FNDA:0,(anonymous_0)
DA:3,4
DA:4,0
LF:2
LH:1
BRF:0
BRH:0
end_of_record
TN:
SF:src\utils\directions.ts
FN:7,(anonymous_0)
FN:8,(anonymous_1)
FN:10,(anonymous_2)
FN:11,(anonymous_3)
FN:13,(anonymous_4)
FN:14,(anonymous_5)
FN:16,(anonymous_6)
FN:17,(anonymous_7)
FNF:8
FNH:0
FNDA:0,(anonymous_0)
FNDA:0,(anonymous_1)
FNDA:0,(anonymous_2)
FNDA:0,(anonymous_3)
FNDA:0,(anonymous_4)
FNDA:0,(anonymous_5)
FNDA:0,(anonymous_6)
FNDA:0,(anonymous_7)
DA:6,4
DA:7,0
DA:8,0
DA:10,0
DA:11,0
DA:13,0
DA:14,0
DA:16,0
DA:17,0
LF:9
LH:1
BRF:0
BRH:0
end_of_record
TN:
SF:src\utils\gameStateToPlayerId.ts
FN:3,(anonymous_0)
FNF:1
FNH:1
FNDA:4,(anonymous_0)
DA:3,1
DA:4,4
DA:5,1
DA:8,3
DA:9,1
DA:12,2
LF:6
LH:6
BRDA:4,0,0,1
BRDA:8,1,0,1
BRF:2
BRH:2
end_of_record
